<?xml version="1.0" encoding="UTF-8"?>
<testsuite xmlns:xsi="http://www.w3.org/2001/XMLSchema-instance" xsi:noNamespaceSchemaLocation="https://maven.apache.org/surefire/maven-surefire-plugin/xsd/surefire-test-report-3.0.xsd" version="3.0" name="b22.spartan.editor.SpartanEditorPostTest" time="37.679" tests="14" errors="0" skipped="3" failures="0">
  <properties>
[...]
</properties>
  <testcase name="" classname="b22.bookit.BookitEnvTest" time="0">
    <skipped message="class b22.bookit.BookitEnvTest is @Disabled"/>
  </testcase>
  <testcase name="" classname="b22.spartan.admin.SpartanAdminGetTest" time="0">
    <skipped message="class b22.spartan.admin.SpartanAdminGetTest is @Disabled"/>
  </testcase>
  <testcase name="" classname="b22.spartan.ConfigDemoTest" time="0">
    <skipped message="class b22.spartan.ConfigDemoTest is @Disabled"/>
  </testcase>
  <testcase name="postSpartanAsEditor" classname="b22.spartan.editor.SpartanEditorPostTest" time="12.062">
    <system-out><![CDATA[bodyMap = {name=Rebecca, gender=Female, phone=5537884683}
Body:
{
    "name": "Rebecca",
    "gender": "Female",
    "phone": 5537884683
}
HTTP/1.1 201 
Location: http://3.87.65.105:7000/api/spartans/152
X-Content-Type-Options: nosniff
X-XSS-Protection: 1; mode=block
Cache-Control: no-cache, no-store, max-age=0, must-revalidate
Pragma: no-cache
Expires: 0
Content-Type: application/json
Transfer-Encoding: chunked
Date: Wed, 07 Dec 2022 18:07:32 GMT

{
    "success": "A Spartan is Born!",
    "data": {
        "id": 152,
        "name": "Rebecca",
        "gender": "Female",
        "phone": 5537884683
    }
}
]]></system-out>
    <system-err><![CDATA[[main] INFO  - 

-------------------------------------------------------------------------------------
     _______. _______ .______       _______ .__   __.  __  .___________.____    ____ 
    /       ||   ____||   _  \     |   ____||  \ |  | |  | |           |\   \  /   / 
   |   (----`|  |__   |  |_)  |    |  |__   |   \|  | |  | `---|  |----` \   \/   /  
    \   \    |   __|  |      /     |   __|  |  . `  | |  |     |  |       \_    _/   
.----)   |   |  |____ |  |\  \----.|  |____ |  |\   | |  |     |  |         |  |     
|_______/    |_______|| _| `._____||_______||__| \__| |__|     |__|         |__|    
                                                                                     
 News and tutorials at http://www.serenity-bdd.info                                  
 Documentation at https://wakaleo.gitbooks.io/the-serenity-book/content/             
 Join the Serenity Community on Gitter: https://gitter.im/serenity-bdd/serenity-core 
 Serenity BDD Support and Training at http://serenity-bdd.info/#/trainingandsupport  
-------------------------------------------------------------------------------------

[main] INFO  - Test Suite Started: Spartan editor post test
[main] INFO  - 
  _____   ___   ___   _____     ___   _____     _     ___   _____   ___   ___  
 |_   _| | __| / __| |_   _|   / __| |_   _|   /_\   | _ \ |_   _| | __| |   \ 
   | |   | _|  \__ \   | |     \__ \   | |    / _ \  |   /   | |   | _|  | |) |
   |_|   |___| |___/   |_|     |___/   |_|   /_/ \_\ |_|_\   |_|   |___| |___/ 

Editor should be able to POST
--------------------------------------------------------------------------------
[main] INFO net.serenitybdd.core.Serenity - TEST NUMBER: 1
[main] INFO  - 
  _____   ___   ___   _____     ___     _     ___   ___   ___   ___  
 |_   _| | __| / __| |_   _|   | _ \   /_\   / __| / __| | __| |   \ 
   | |   | _|  \__ \   | |     |  _/  / _ \  \__ \ \__ \ | _|  | |) |
   |_|   |___| |___/   |_|     |_|   /_/ \_\ |___/ |___/ |___| |___/ 

Editor should be able to POST
----------------------------------------------------------------------
]]></system-err>
  </testcase>
  <testcase name="postSpartanWithCSV(String, String, long)[1]" classname="b22.spartan.editor.SpartanEditorPostTest" time="3.878">
    <system-out><![CDATA[name = Hersch
gender = Male
phone = 9222087279
bodyMap = {name=Hersch, gender=Male, phone=9222087279}
Body:
{
    "name": "Hersch",
    "gender": "Male",
    "phone": 9222087279
}
HTTP/1.1 201 
Location: http://3.87.65.105:7000/api/spartans/153
X-Content-Type-Options: nosniff
X-XSS-Protection: 1; mode=block
Cache-Control: no-cache, no-store, max-age=0, must-revalidate
Pragma: no-cache
Expires: 0
Content-Type: application/json
Transfer-Encoding: chunked
Date: Wed, 07 Dec 2022 18:07:38 GMT

{
    "success": "A Spartan is Born!",
    "data": {
        "id": 153,
        "name": "Hersch",
        "gender": "Male",
        "phone": 9222087279
    }
}
]]></system-out>
    <system-err><![CDATA[[main] INFO  - 
  _____   ___   ___   _____     ___   _____     _     ___   _____   ___   ___  
 |_   _| | __| / __| |_   _|   / __| |_   _|   /_\   | _ \ |_   _| | __| |   \ 
   | |   | _|  \__ \   | |     \__ \   | |    / _ \  |   /   | |   | _|  | |) |
   |_|   |___| |___/   |_|     |___/   |_|   /_/ \_\ |_|_\   |_|   |___| |___/ 

New Spartan 1 - name: Hersch
--------------------------------------------------------------------------------
[main] INFO net.serenitybdd.core.Serenity - TEST NUMBER: 2
[main] INFO  - 
  _____   ___   ___   _____     ___     _     ___   ___   ___   ___  
 |_   _| | __| / __| |_   _|   | _ \   /_\   / __| / __| | __| |   \ 
   | |   | _|  \__ \   | |     |  _/  / _ \  \__ \ \__ \ | _|  | |) |
   |_|   |___| |___/   |_|     |_|   /_/ \_\ |___/ |___/ |___| |___/ 

New Spartan 1 - name
----------------------------------------------------------------------
]]></system-err>
  </testcase>
  <testcase name="postSpartanWithCSV(String, String, long)[2]" classname="b22.spartan.editor.SpartanEditorPostTest" time="1.128">
    <system-out><![CDATA[name = Millisent
gender = Male
phone = 1207282206
bodyMap = {name=Millisent, gender=Male, phone=1207282206}
Body:
{
    "name": "Millisent",
    "gender": "Male",
    "phone": 1207282206
}
HTTP/1.1 201 
Location: http://3.87.65.105:7000/api/spartans/154
X-Content-Type-Options: nosniff
X-XSS-Protection: 1; mode=block
Cache-Control: no-cache, no-store, max-age=0, must-revalidate
Pragma: no-cache
Expires: 0
Content-Type: application/json
Transfer-Encoding: chunked
Date: Wed, 07 Dec 2022 18:07:39 GMT

{
    "success": "A Spartan is Born!",
    "data": {
        "id": 154,
        "name": "Millisent",
        "gender": "Male",
        "phone": 1207282206
    }
}
]]></system-out>
    <system-err><![CDATA[[main] INFO  - 
  _____   ___   ___   _____     ___   _____     _     ___   _____   ___   ___  
 |_   _| | __| / __| |_   _|   / __| |_   _|   /_\   | _ \ |_   _| | __| |   \ 
   | |   | _|  \__ \   | |     \__ \   | |    / _ \  |   /   | |   | _|  | |) |
   |_|   |___| |___/   |_|     |___/   |_|   /_/ \_\ |_|_\   |_|   |___| |___/ 

New Spartan 2 - name: Millisent
--------------------------------------------------------------------------------
[main] INFO net.serenitybdd.core.Serenity - TEST NUMBER: 3
[main] ERROR  - 
  _____   ___   ___   _____     ___     _     ___   _      ___   ___  
 |_   _| | __| / __| |_   _|   | __|   /_\   |_ _| | |    | __| |   \ 
   | |   | _|  \__ \   | |     | _|   / _ \   | |  | |__  | _|  | |) |
   |_|   |___| |___/   |_|     |_|   /_/ \_\ |___| |____| |___| |___/ 

New Spartan 2 - name
-----------------------------------------------------------------------
[main] ERROR  -     Test failed at step: Ensure that phone is correct
[main] ERROR  -     1 expectation failed.JSON path data.phone doesn't match.Expected: is <1207282206L>  Actual: <1207282206>
]]></system-err>
  </testcase>
  <testcase name="postSpartanWithCSV(String, String, long)[3]" classname="b22.spartan.editor.SpartanEditorPostTest" time="0.959">
    <system-out><![CDATA[name = Hewett
gender = Male
phone = 6472622192
bodyMap = {name=Hewett, gender=Male, phone=6472622192}
Body:
{
    "name": "Hewett",
    "gender": "Male",
    "phone": 6472622192
}
HTTP/1.1 201 
Location: http://3.87.65.105:7000/api/spartans/155
X-Content-Type-Options: nosniff
X-XSS-Protection: 1; mode=block
Cache-Control: no-cache, no-store, max-age=0, must-revalidate
Pragma: no-cache
Expires: 0
Content-Type: application/json
Transfer-Encoding: chunked
Date: Wed, 07 Dec 2022 18:07:40 GMT

{
    "success": "A Spartan is Born!",
    "data": {
        "id": 155,
        "name": "Hewett",
        "gender": "Male",
        "phone": 6472622192
    }
}
]]></system-out>
    <system-err><![CDATA[[main] INFO  - 
  _____   ___   ___   _____     ___   _____     _     ___   _____   ___   ___  
 |_   _| | __| / __| |_   _|   / __| |_   _|   /_\   | _ \ |_   _| | __| |   \ 
   | |   | _|  \__ \   | |     \__ \   | |    / _ \  |   /   | |   | _|  | |) |
   |_|   |___| |___/   |_|     |___/   |_|   /_/ \_\ |_|_\   |_|   |___| |___/ 

New Spartan 3 - name: Hewett
--------------------------------------------------------------------------------
[main] INFO net.serenitybdd.core.Serenity - TEST NUMBER: 4
[main] INFO  - 
  _____   ___   ___   _____     ___     _     ___   ___   ___   ___  
 |_   _| | __| / __| |_   _|   | _ \   /_\   / __| / __| | __| |   \ 
   | |   | _|  \__ \   | |     |  _/  / _ \  \__ \ \__ \ | _|  | |) |
   |_|   |___| |___/   |_|     |_|   /_/ \_\ |___/ |___/ |___| |___/ 

New Spartan 3 - name
----------------------------------------------------------------------
]]></system-err>
  </testcase>
  <testcase name="postSpartanWithCSV(String, String, long)[4]" classname="b22.spartan.editor.SpartanEditorPostTest" time="0.996">
    <system-out><![CDATA[name = Brandy
gender = Male
phone = 6874142822
bodyMap = {name=Brandy, gender=Male, phone=6874142822}
Body:
{
    "name": "Brandy",
    "gender": "Male",
    "phone": 6874142822
}
HTTP/1.1 201 
Location: http://3.87.65.105:7000/api/spartans/156
X-Content-Type-Options: nosniff
X-XSS-Protection: 1; mode=block
Cache-Control: no-cache, no-store, max-age=0, must-revalidate
Pragma: no-cache
Expires: 0
Content-Type: application/json
Transfer-Encoding: chunked
Date: Wed, 07 Dec 2022 18:07:41 GMT

{
    "success": "A Spartan is Born!",
    "data": {
        "id": 156,
        "name": "Brandy",
        "gender": "Male",
        "phone": 6874142822
    }
}
]]></system-out>
    <system-err><![CDATA[[main] INFO  - 
  _____   ___   ___   _____     ___   _____     _     ___   _____   ___   ___  
 |_   _| | __| / __| |_   _|   / __| |_   _|   /_\   | _ \ |_   _| | __| |   \ 
   | |   | _|  \__ \   | |     \__ \   | |    / _ \  |   /   | |   | _|  | |) |
   |_|   |___| |___/   |_|     |___/   |_|   /_/ \_\ |_|_\   |_|   |___| |___/ 

New Spartan 4 - name: Brandy
--------------------------------------------------------------------------------
[main] INFO net.serenitybdd.core.Serenity - TEST NUMBER: 5
[main] INFO  - 
  _____   ___   ___   _____     ___     _     ___   ___   ___   ___  
 |_   _| | __| / __| |_   _|   | _ \   /_\   / __| / __| | __| |   \ 
   | |   | _|  \__ \   | |     |  _/  / _ \  \__ \ \__ \ | _|  | |) |
   |_|   |___| |___/   |_|     |_|   /_/ \_\ |___/ |___/ |___| |___/ 

New Spartan 4 - name
----------------------------------------------------------------------
]]></system-err>
  </testcase>
  <testcase name="postSpartanWithCSV(String, String, long)[5]" classname="b22.spartan.editor.SpartanEditorPostTest" time="0.949">
    <system-out><![CDATA[name = Kiley
gender = Male
phone = 2803494894
bodyMap = {name=Kiley, gender=Male, phone=2803494894}
Body:
{
    "name": "Kiley",
    "gender": "Male",
    "phone": 2803494894
}
HTTP/1.1 201 
Location: http://3.87.65.105:7000/api/spartans/157
X-Content-Type-Options: nosniff
X-XSS-Protection: 1; mode=block
Cache-Control: no-cache, no-store, max-age=0, must-revalidate
Pragma: no-cache
Expires: 0
Content-Type: application/json
Transfer-Encoding: chunked
Date: Wed, 07 Dec 2022 18:07:42 GMT

{
    "success": "A Spartan is Born!",
    "data": {
        "id": 157,
        "name": "Kiley",
        "gender": "Male",
        "phone": 2803494894
    }
}
]]></system-out>
    <system-err><![CDATA[[main] INFO  - 
  _____   ___   ___   _____     ___   _____     _     ___   _____   ___   ___  
 |_   _| | __| / __| |_   _|   / __| |_   _|   /_\   | _ \ |_   _| | __| |   \ 
   | |   | _|  \__ \   | |     \__ \   | |    / _ \  |   /   | |   | _|  | |) |
   |_|   |___| |___/   |_|     |___/   |_|   /_/ \_\ |_|_\   |_|   |___| |___/ 

New Spartan 5 - name: Kiley
--------------------------------------------------------------------------------
[main] INFO net.serenitybdd.core.Serenity - TEST NUMBER: 6
[main] INFO  - 
  _____   ___   ___   _____     ___     _     ___   ___   ___   ___  
 |_   _| | __| / __| |_   _|   | _ \   /_\   / __| / __| | __| |   \ 
   | |   | _|  \__ \   | |     |  _/  / _ \  \__ \ \__ \ | _|  | |) |
   |_|   |___| |___/   |_|     |_|   /_/ \_\ |___/ |___/ |___| |___/ 

New Spartan 5 - name
----------------------------------------------------------------------
]]></system-err>
  </testcase>
  <testcase name="postSpartanWithCSV(String, String, long)[6]" classname="b22.spartan.editor.SpartanEditorPostTest" time="1.099">
    <system-out><![CDATA[name = Channa
gender = Male
phone = 8895669756
bodyMap = {name=Channa, gender=Male, phone=8895669756}
Body:
{
    "name": "Channa",
    "gender": "Male",
    "phone": 8895669756
}
HTTP/1.1 201 
Location: http://3.87.65.105:7000/api/spartans/158
X-Content-Type-Options: nosniff
X-XSS-Protection: 1; mode=block
Cache-Control: no-cache, no-store, max-age=0, must-revalidate
Pragma: no-cache
Expires: 0
Content-Type: application/json
Transfer-Encoding: chunked
Date: Wed, 07 Dec 2022 18:07:43 GMT

{
    "success": "A Spartan is Born!",
    "data": {
        "id": 158,
        "name": "Channa",
        "gender": "Male",
        "phone": 8895669756
    }
}
]]></system-out>
    <system-err><![CDATA[[main] INFO  - 
  _____   ___   ___   _____     ___   _____     _     ___   _____   ___   ___  
 |_   _| | __| / __| |_   _|   / __| |_   _|   /_\   | _ \ |_   _| | __| |   \ 
   | |   | _|  \__ \   | |     \__ \   | |    / _ \  |   /   | |   | _|  | |) |
   |_|   |___| |___/   |_|     |___/   |_|   /_/ \_\ |_|_\   |_|   |___| |___/ 

New Spartan 6 - name: Channa
--------------------------------------------------------------------------------
[main] INFO net.serenitybdd.core.Serenity - TEST NUMBER: 7
[main] INFO  - 
  _____   ___   ___   _____     ___     _     ___   ___   ___   ___  
 |_   _| | __| / __| |_   _|   | _ \   /_\   / __| / __| | __| |   \ 
   | |   | _|  \__ \   | |     |  _/  / _ \  \__ \ \__ \ | _|  | |) |
   |_|   |___| |___/   |_|     |_|   /_/ \_\ |___/ |___/ |___| |___/ 

New Spartan 6 - name
----------------------------------------------------------------------
]]></system-err>
  </testcase>
  <testcase name="postSpartanWithCSV(String, String, long)[7]" classname="b22.spartan.editor.SpartanEditorPostTest" time="1.104">
    <system-out><![CDATA[name = Sidnee
gender = Male
phone = 1791599082
bodyMap = {name=Sidnee, gender=Male, phone=1791599082}
Body:
{
    "name": "Sidnee",
    "gender": "Male",
    "phone": 1791599082
}
HTTP/1.1 201 
Location: http://3.87.65.105:7000/api/spartans/159
X-Content-Type-Options: nosniff
X-XSS-Protection: 1; mode=block
Cache-Control: no-cache, no-store, max-age=0, must-revalidate
Pragma: no-cache
Expires: 0
Content-Type: application/json
Transfer-Encoding: chunked
Date: Wed, 07 Dec 2022 18:07:44 GMT

{
    "success": "A Spartan is Born!",
    "data": {
        "id": 159,
        "name": "Sidnee",
        "gender": "Male",
        "phone": 1791599082
    }
}
]]></system-out>
    <system-err><![CDATA[[main] INFO  - 
  _____   ___   ___   _____     ___   _____     _     ___   _____   ___   ___  
 |_   _| | __| / __| |_   _|   / __| |_   _|   /_\   | _ \ |_   _| | __| |   \ 
   | |   | _|  \__ \   | |     \__ \   | |    / _ \  |   /   | |   | _|  | |) |
   |_|   |___| |___/   |_|     |___/   |_|   /_/ \_\ |_|_\   |_|   |___| |___/ 

New Spartan 7 - name: Sidnee
--------------------------------------------------------------------------------
[main] INFO net.serenitybdd.core.Serenity - TEST NUMBER: 8
[main] ERROR  - 
  _____   ___   ___   _____     ___     _     ___   _      ___   ___  
 |_   _| | __| / __| |_   _|   | __|   /_\   |_ _| | |    | __| |   \ 
   | |   | _|  \__ \   | |     | _|   / _ \   | |  | |__  | _|  | |) |
   |_|   |___| |___/   |_|     |_|   /_/ \_\ |___| |____| |___| |___/ 

New Spartan 7 - name
-----------------------------------------------------------------------
[main] ERROR  -     Test failed at step: Ensure that phone is correct
[main] ERROR  -     1 expectation failed.JSON path data.phone doesn't match.Expected: is <1791599082L>  Actual: <1791599082>
]]></system-err>
  </testcase>
  <testcase name="postSpartanWithCSV(String, String, long)[8]" classname="b22.spartan.editor.SpartanEditorPostTest" time="0.975">
    <system-out><![CDATA[name = Cacilia
gender = Male
phone = 1936508511
bodyMap = {name=Cacilia, gender=Male, phone=1936508511}
Body:
{
    "name": "Cacilia",
    "gender": "Male",
    "phone": 1936508511
}
HTTP/1.1 201 
Location: http://3.87.65.105:7000/api/spartans/160
X-Content-Type-Options: nosniff
X-XSS-Protection: 1; mode=block
Cache-Control: no-cache, no-store, max-age=0, must-revalidate
Pragma: no-cache
Expires: 0
Content-Type: application/json
Transfer-Encoding: chunked
Date: Wed, 07 Dec 2022 18:07:45 GMT

{
    "success": "A Spartan is Born!",
    "data": {
        "id": 160,
        "name": "Cacilia",
        "gender": "Male",
        "phone": 1936508511
    }
}
]]></system-out>
    <system-err><![CDATA[[main] INFO  - 
  _____   ___   ___   _____     ___   _____     _     ___   _____   ___   ___  
 |_   _| | __| / __| |_   _|   / __| |_   _|   /_\   | _ \ |_   _| | __| |   \ 
   | |   | _|  \__ \   | |     \__ \   | |    / _ \  |   /   | |   | _|  | |) |
   |_|   |___| |___/   |_|     |___/   |_|   /_/ \_\ |_|_\   |_|   |___| |___/ 

New Spartan 8 - name: Cacilia
--------------------------------------------------------------------------------
[main] INFO net.serenitybdd.core.Serenity - TEST NUMBER: 9
[main] ERROR  - 
  _____   ___   ___   _____     ___     _     ___   _      ___   ___  
 |_   _| | __| / __| |_   _|   | __|   /_\   |_ _| | |    | __| |   \ 
   | |   | _|  \__ \   | |     | _|   / _ \   | |  | |__  | _|  | |) |
   |_|   |___| |___/   |_|     |_|   /_/ \_\ |___| |____| |___| |___/ 

New Spartan 8 - name
-----------------------------------------------------------------------
[main] ERROR  -     Test failed at step: Ensure that phone is correct
[main] ERROR  -     1 expectation failed.JSON path data.phone doesn't match.Expected: is <1936508511L>  Actual: <1936508511>
]]></system-err>
  </testcase>
  <testcase name="postSpartanWithCSV(String, String, long)[9]" classname="b22.spartan.editor.SpartanEditorPostTest" time="0.861">
    <system-out><![CDATA[name = Brit
gender = Male
phone = 9039292183
bodyMap = {name=Brit, gender=Male, phone=9039292183}
Body:
{
    "name": "Brit",
    "gender": "Male",
    "phone": 9039292183
}
HTTP/1.1 201 
Location: http://3.87.65.105:7000/api/spartans/161
X-Content-Type-Options: nosniff
X-XSS-Protection: 1; mode=block
Cache-Control: no-cache, no-store, max-age=0, must-revalidate
Pragma: no-cache
Expires: 0
Content-Type: application/json
Transfer-Encoding: chunked
Date: Wed, 07 Dec 2022 18:07:45 GMT

{
    "success": "A Spartan is Born!",
    "data": {
        "id": 161,
        "name": "Brit",
        "gender": "Male",
        "phone": 9039292183
    }
}
]]></system-out>
    <system-err><![CDATA[[main] INFO  - 
  _____   ___   ___   _____     ___   _____     _     ___   _____   ___   ___  
 |_   _| | __| / __| |_   _|   / __| |_   _|   /_\   | _ \ |_   _| | __| |   \ 
   | |   | _|  \__ \   | |     \__ \   | |    / _ \  |   /   | |   | _|  | |) |
   |_|   |___| |___/   |_|     |___/   |_|   /_/ \_\ |_|_\   |_|   |___| |___/ 

New Spartan 9 - name: Brit
--------------------------------------------------------------------------------
[main] INFO net.serenitybdd.core.Serenity - TEST NUMBER: 10
[main] INFO  - 
  _____   ___   ___   _____     ___     _     ___   ___   ___   ___  
 |_   _| | __| / __| |_   _|   | _ \   /_\   / __| / __| | __| |   \ 
   | |   | _|  \__ \   | |     |  _/  / _ \  \__ \ \__ \ | _|  | |) |
   |_|   |___| |___/   |_|     |_|   /_/ \_\ |___/ |___/ |___| |___/ 

New Spartan 9 - name
----------------------------------------------------------------------
]]></system-err>
  </testcase>
  <testcase name="postSpartanWithCSV(String, String, long)[10]" classname="b22.spartan.editor.SpartanEditorPostTest" time="1.024">
    <system-out><![CDATA[name = Dita
gender = Female
phone = 7974770530
bodyMap = {name=Dita, gender=Female, phone=7974770530}
Body:
{
    "name": "Dita",
    "gender": "Female",
    "phone": 7974770530
}
HTTP/1.1 201 
Location: http://3.87.65.105:7000/api/spartans/162
X-Content-Type-Options: nosniff
X-XSS-Protection: 1; mode=block
Cache-Control: no-cache, no-store, max-age=0, must-revalidate
Pragma: no-cache
Expires: 0
Content-Type: application/json
Transfer-Encoding: chunked
Date: Wed, 07 Dec 2022 18:07:47 GMT

{
    "success": "A Spartan is Born!",
    "data": {
        "id": 162,
        "name": "Dita",
        "gender": "Female",
        "phone": 7974770530
    }
}
]]></system-out>
    <system-err><![CDATA[[main] INFO  - 
  _____   ___   ___   _____     ___   _____     _     ___   _____   ___   ___  
 |_   _| | __| / __| |_   _|   / __| |_   _|   /_\   | _ \ |_   _| | __| |   \ 
   | |   | _|  \__ \   | |     \__ \   | |    / _ \  |   /   | |   | _|  | |) |
   |_|   |___| |___/   |_|     |___/   |_|   /_/ \_\ |_|_\   |_|   |___| |___/ 

New Spartan 10 - name: Dita
--------------------------------------------------------------------------------
[main] INFO net.serenitybdd.core.Serenity - TEST NUMBER: 11
[main] INFO  - 
  _____   ___   ___   _____     ___     _     ___   ___   ___   ___  
 |_   _| | __| / __| |_   _|   | _ \   /_\   / __| / __| | __| |   \ 
   | |   | _|  \__ \   | |     |  _/  / _ \  \__ \ \__ \ | _|  | |) |
   |_|   |___| |___/   |_|     |_|   /_/ \_\ |___/ |___/ |___| |___/ 

New Spartan 10 - name
----------------------------------------------------------------------
]]></system-err>
  </testcase>
</testsuite>